[debug] [2020-10-03T19:58:21.259Z] ----------------------------------------------------------------------
[debug] [2020-10-03T19:58:21.262Z] Command:       C:\Program Files\nodejs\node.exe C:\Users\Wang David\AppData\Roaming\npm\node_modules\firebase-tools\lib\bin\firebase.js emulators:start
[debug] [2020-10-03T19:58:21.262Z] CLI Version:   8.11.2
[debug] [2020-10-03T19:58:21.262Z] Platform:      win32
[debug] [2020-10-03T19:58:21.262Z] Node Version:  v12.18.2
[debug] [2020-10-03T19:58:21.264Z] Time:          Sat Oct 03 2020 21:58:21 GMT+0200 (GMT+02:00)
[debug] [2020-10-03T19:58:21.264Z] ----------------------------------------------------------------------
[debug] [2020-10-03T19:58:21.264Z] 
[debug] [2020-10-03T19:58:21.276Z] > command requires scopes: ["email","openid","https://www.googleapis.com/auth/cloudplatformprojects.readonly","https://www.googleapis.com/auth/firebase","https://www.googleapis.com/auth/cloud-platform"]
[debug] [2020-10-03T19:58:21.276Z] > authorizing via signed-in user
[info] i  emulators: Starting emulators: functions {"metadata":{"emulator":{"name":"hub"},"message":"Starting emulators: functions"}}
[debug] [2020-10-03T19:58:23.330Z] [hub] writing locator at C:\Users\WANGDA~1\AppData\Local\Temp\hub-clone-a35cc.json
[warn] !  functions: The following emulators are not running, calls to these services from the Functions emulator will affect production: auth, firestore, database, hosting, pubsub {"metadata":{"emulator":{"name":"functions"},"message":"The following emulators are not running, calls to these services from the Functions emulator will affect production: \u001b[1mauth, firestore, database, hosting, pubsub\u001b[22m"}}
[warn] !  Your requested "node" version "10" doesn't match your global version "12" {"metadata":{"emulator":{"name":"functions"},"message":"Your requested \"node\" version \"10\" doesn't match your global version \"12\""}}
[debug] [2020-10-03T19:58:25.364Z] defaultcredentials: writing to file C:\Users\Wang David\AppData\Roaming\firebase\wangdavid1999_gmail_com_application_default_credentials.json
[debug] [2020-10-03T19:58:25.367Z] Setting GAC to C:\Users\Wang David\AppData\Roaming\firebase\wangdavid1999_gmail_com_application_default_credentials.json {"metadata":{"emulator":{"name":"functions"},"message":"Setting GAC to C:\\Users\\Wang David\\AppData\\Roaming\\firebase\\wangdavid1999_gmail_com_application_default_credentials.json"}}
[debug] [2020-10-03T19:58:29.387Z] Ignoring unsupported arg: auto_download {"metadata":{"emulator":{"name":"ui"},"message":"Ignoring unsupported arg: auto_download"}}
[debug] [2020-10-03T19:58:29.387Z] Ignoring unsupported arg: port {"metadata":{"emulator":{"name":"ui"},"message":"Ignoring unsupported arg: port"}}
[debug] [2020-10-03T19:58:29.388Z] Starting Emulator UI with command {"binary":"node","args":["C:\\Users\\Wang David\\.cache\\firebase\\emulators\\ui-v1.1.1\\server.bundle.js"],"optionalArgs":[],"joinArgs":false} {"metadata":{"emulator":{"name":"ui"},"message":"Starting Emulator UI with command {\"binary\":\"node\",\"args\":[\"C:\\\\Users\\\\Wang David\\\\.cache\\\\firebase\\\\emulators\\\\ui-v1.1.1\\\\server.bundle.js\"],\"optionalArgs\":[],\"joinArgs\":false}"}}
[info] i  ui: Emulator UI logging to ui-debug.log {"metadata":{"emulator":{"name":"ui"},"message":"Emulator UI logging to \u001b[1mui-debug.log\u001b[22m"}}
[debug] [2020-10-03T19:58:29.609Z] Web / API server started at http://localhost:4000
 {"metadata":{"emulator":{"name":"ui"},"message":"Web / API server started at http://localhost:4000\n"}}
[info] i  functions: Watching "c:\wamp64\www\Amazon-clone\Amazon-clone\amazon\functions" for Cloud Functions... {"metadata":{"emulator":{"name":"functions"},"message":"Watching \"c:\\wamp64\\www\\Amazon-clone\\Amazon-clone\\amazon\\functions\" for Cloud Functions..."}}
[debug] [2020-10-03T19:58:30.082Z] [worker-pool] addWorker(~diagnostic~) {"metadata":{"emulator":{"name":"functions"},"message":"[worker-pool] addWorker(~diagnostic~)"}}
[debug] [2020-10-03T19:58:30.082Z] [worker-pool] Adding worker with key ~diagnostic~, total=1 {"metadata":{"emulator":{"name":"functions"},"message":"[worker-pool] Adding worker with key ~diagnostic~, total=1"}}
[debug] [2020-10-03T19:58:30.083Z] [worker-pool] submitWork(triggerId=) {"metadata":{"emulator":{"name":"functions"},"message":"[worker-pool] submitWork(triggerId=)"}}
[debug] [2020-10-03T19:58:30.083Z] [worker-~diagnostic~-c1511565-14a1-488e-9b6e-bd3b93e67e5f]: Assigning socketPath: \\?\pipe\c:\wamp64\www\Amazon-clone\Amazon-clone\amazon\functions\8832 {"metadata":{"emulator":{"name":"functions"},"message":"[worker-~diagnostic~-c1511565-14a1-488e-9b6e-bd3b93e67e5f]: Assigning socketPath: \\\\?\\pipe\\c:\\wamp64\\www\\Amazon-clone\\Amazon-clone\\amazon\\functions\\8832"}}
[debug] [2020-10-03T19:58:30.083Z] [worker-~diagnostic~-c1511565-14a1-488e-9b6e-bd3b93e67e5f]: BUSY {"metadata":{"emulator":{"name":"functions"},"message":"[worker-~diagnostic~-c1511565-14a1-488e-9b6e-bd3b93e67e5f]: BUSY"}}
[debug] [2020-10-03T19:58:30.536Z] [runtime-status] [8832] Functions runtime initialized. {"cwd":"c:\\wamp64\\www\\Amazon-clone\\Amazon-clone\\amazon\\functions","node_version":"12.18.2"} {"metadata":{"emulator":{"name":"functions"},"message":"[runtime-status] [8832] Functions runtime initialized. {\"cwd\":\"c:\\\\wamp64\\\\www\\\\Amazon-clone\\\\Amazon-clone\\\\amazon\\\\functions\",\"node_version\":\"12.18.2\"}"}}
[debug] [2020-10-03T19:58:30.541Z] [runtime-status] [8832] Disabled runtime features: undefined {"metadata":{"emulator":{"name":"functions"},"message":"[runtime-status] [8832] Disabled runtime features: undefined"}}
[debug] [2020-10-03T19:58:30.546Z] [runtime-status] [8832] Resolved module firebase-admin {"declared":true,"installed":true,"version":"8.13.0","resolution":"c:\\wamp64\\www\\Amazon-clone\\Amazon-clone\\amazon\\functions\\node_modules\\firebase-admin\\lib\\index.js"} {"metadata":{"emulator":{"name":"functions"},"message":"[runtime-status] [8832] Resolved module firebase-admin {\"declared\":true,\"installed\":true,\"version\":\"8.13.0\",\"resolution\":\"c:\\\\wamp64\\\\www\\\\Amazon-clone\\\\Amazon-clone\\\\amazon\\\\functions\\\\node_modules\\\\firebase-admin\\\\lib\\\\index.js\"}"}}
[debug] [2020-10-03T19:58:30.551Z] [runtime-status] [8832] Resolved module firebase-functions {"declared":true,"installed":true,"version":"3.11.0","resolution":"c:\\wamp64\\www\\Amazon-clone\\Amazon-clone\\amazon\\functions\\node_modules\\firebase-functions\\lib\\index.js"} {"metadata":{"emulator":{"name":"functions"},"message":"[runtime-status] [8832] Resolved module firebase-functions {\"declared\":true,\"installed\":true,\"version\":\"3.11.0\",\"resolution\":\"c:\\\\wamp64\\\\www\\\\Amazon-clone\\\\Amazon-clone\\\\amazon\\\\functions\\\\node_modules\\\\firebase-functions\\\\lib\\\\index.js\"}"}}
[debug] [2020-10-03T19:58:30.552Z] [runtime-status] [8832] Resolved module firebase-functions {"declared":true,"installed":true,"version":"3.11.0","resolution":"c:\\wamp64\\www\\Amazon-clone\\Amazon-clone\\amazon\\functions\\node_modules\\firebase-functions\\lib\\index.js"} {"metadata":{"emulator":{"name":"functions"},"message":"[runtime-status] [8832] Resolved module firebase-functions {\"declared\":true,\"installed\":true,\"version\":\"3.11.0\",\"resolution\":\"c:\\\\wamp64\\\\www\\\\Amazon-clone\\\\Amazon-clone\\\\amazon\\\\functions\\\\node_modules\\\\firebase-functions\\\\lib\\\\index.js\"}"}}
[debug] [2020-10-03T19:58:30.553Z] [runtime-status] [8832] Outgoing network have been stubbed. [{"name":"http","status":"mocked"},{"name":"http","status":"mocked"},{"name":"https","status":"mocked"},{"name":"https","status":"mocked"},{"name":"net","status":"mocked"}] {"metadata":{"emulator":{"name":"functions"},"message":"[runtime-status] [8832] Outgoing network have been stubbed. [{\"name\":\"http\",\"status\":\"mocked\"},{\"name\":\"http\",\"status\":\"mocked\"},{\"name\":\"https\",\"status\":\"mocked\"},{\"name\":\"https\",\"status\":\"mocked\"},{\"name\":\"net\",\"status\":\"mocked\"}]"}}
[debug] [2020-10-03T19:58:30.554Z] [runtime-status] [8832] Resolved module firebase-functions {"declared":true,"installed":true,"version":"3.11.0","resolution":"c:\\wamp64\\www\\Amazon-clone\\Amazon-clone\\amazon\\functions\\node_modules\\firebase-functions\\lib\\index.js"} {"metadata":{"emulator":{"name":"functions"},"message":"[runtime-status] [8832] Resolved module firebase-functions {\"declared\":true,\"installed\":true,\"version\":\"3.11.0\",\"resolution\":\"c:\\\\wamp64\\\\www\\\\Amazon-clone\\\\Amazon-clone\\\\amazon\\\\functions\\\\node_modules\\\\firebase-functions\\\\lib\\\\index.js\"}"}}
[debug] [2020-10-03T19:58:30.632Z] [runtime-status] [8832] Checked functions.config() {"config":{}} {"metadata":{"emulator":{"name":"functions"},"message":"[runtime-status] [8832] Checked functions.config() {\"config\":{}}"}}
[debug] [2020-10-03T19:58:30.632Z] [runtime-status] [8832] firebase-functions has been stubbed. {"functionsResolution":{"declared":true,"installed":true,"version":"3.11.0","resolution":"c:\\wamp64\\www\\Amazon-clone\\Amazon-clone\\amazon\\functions\\node_modules\\firebase-functions\\lib\\index.js"}} {"metadata":{"emulator":{"name":"functions"},"message":"[runtime-status] [8832] firebase-functions has been stubbed. {\"functionsResolution\":{\"declared\":true,\"installed\":true,\"version\":\"3.11.0\",\"resolution\":\"c:\\\\wamp64\\\\www\\\\Amazon-clone\\\\Amazon-clone\\\\amazon\\\\functions\\\\node_modules\\\\firebase-functions\\\\lib\\\\index.js\"}}"}}
[debug] [2020-10-03T19:58:30.632Z] [runtime-status] [8832] Resolved module firebase-functions {"declared":true,"installed":true,"version":"3.11.0","resolution":"c:\\wamp64\\www\\Amazon-clone\\Amazon-clone\\amazon\\functions\\node_modules\\firebase-functions\\lib\\index.js"} {"metadata":{"emulator":{"name":"functions"},"message":"[runtime-status] [8832] Resolved module firebase-functions {\"declared\":true,\"installed\":true,\"version\":\"3.11.0\",\"resolution\":\"c:\\\\wamp64\\\\www\\\\Amazon-clone\\\\Amazon-clone\\\\amazon\\\\functions\\\\node_modules\\\\firebase-functions\\\\lib\\\\index.js\"}"}}
[debug] [2020-10-03T19:58:30.634Z] [runtime-status] [8832] Resolved module firebase-admin {"declared":true,"installed":true,"version":"8.13.0","resolution":"c:\\wamp64\\www\\Amazon-clone\\Amazon-clone\\amazon\\functions\\node_modules\\firebase-admin\\lib\\index.js"} {"metadata":{"emulator":{"name":"functions"},"message":"[runtime-status] [8832] Resolved module firebase-admin {\"declared\":true,\"installed\":true,\"version\":\"8.13.0\",\"resolution\":\"c:\\\\wamp64\\\\www\\\\Amazon-clone\\\\Amazon-clone\\\\amazon\\\\functions\\\\node_modules\\\\firebase-admin\\\\lib\\\\index.js\"}"}}
[debug] [2020-10-03T19:58:30.635Z] [runtime-status] [8832] Resolved module firebase-functions {"declared":true,"installed":true,"version":"3.11.0","resolution":"c:\\wamp64\\www\\Amazon-clone\\Amazon-clone\\amazon\\functions\\node_modules\\firebase-functions\\lib\\index.js"} {"metadata":{"emulator":{"name":"functions"},"message":"[runtime-status] [8832] Resolved module firebase-functions {\"declared\":true,\"installed\":true,\"version\":\"3.11.0\",\"resolution\":\"c:\\\\wamp64\\\\www\\\\Amazon-clone\\\\Amazon-clone\\\\amazon\\\\functions\\\\node_modules\\\\firebase-functions\\\\lib\\\\index.js\"}"}}
[debug] [2020-10-03T19:58:30.635Z] [runtime-status] [8832] firebase-admin has been stubbed. {"adminResolution":{"declared":true,"installed":true,"version":"8.13.0","resolution":"c:\\wamp64\\www\\Amazon-clone\\Amazon-clone\\amazon\\functions\\node_modules\\firebase-admin\\lib\\index.js"}} {"metadata":{"emulator":{"name":"functions"},"message":"[runtime-status] [8832] firebase-admin has been stubbed. {\"adminResolution\":{\"declared\":true,\"installed\":true,\"version\":\"8.13.0\",\"resolution\":\"c:\\\\wamp64\\\\www\\\\Amazon-clone\\\\Amazon-clone\\\\amazon\\\\functions\\\\node_modules\\\\firebase-admin\\\\lib\\\\index.js\"}}"}}
[info] +  functions[api]: http function initialized (http://localhost:5001/clone-a35cc/us-central1/api). {"metadata":{"emulator":{"name":"functions"},"message":"\u001b[1mhttp\u001b[22m function initialized (http://localhost:5001/clone-a35cc/us-central1/api)."}}
[info] 
┌───────────────────────────────────────────────────────────────────────┐
│ ✔  All emulators ready! View status and logs at http://localhost:4000 │
└───────────────────────────────────────────────────────────────────────┘

┌───────────┬────────────────┬─────────────────────────────────┐
│ Emulator  │ Host:Port      │ View in Emulator UI             │
├───────────┼────────────────┼─────────────────────────────────┤
│ Functions │ localhost:5001 │ http://localhost:4000/functions │
└───────────┴────────────────┴─────────────────────────────────┘
  Other reserved ports: 4400, 4500

Issues? Report them at https://github.com/firebase/firebase-tools/issues and attach the *-debug.log files.
 
[debug] [2020-10-03T19:58:30.865Z] [worker-~diagnostic~-c1511565-14a1-488e-9b6e-bd3b93e67e5f]: IDLE {"metadata":{"emulator":{"name":"functions"},"message":"[worker-~diagnostic~-c1511565-14a1-488e-9b6e-bd3b93e67e5f]: IDLE"}}
